<?xml version="1.0" encoding="UTF-8"?>
<testsuites name="jest tests" tests="5" failures="0" time="2.773">
  <testsuite name="Funkcja selectItem" errors="0" failures="0" skipped="0" timestamp="2021-04-20T19:27:42" time="1.586" tests="5">
    <testcase classname="Funkcja selectItem powinna zwrócić element HTML" name="Funkcja selectItem powinna zwrócić element HTML" time="0.006">
    </testcase>
    <testcase classname="Funkcja selectItem powinna zwrócić element o id #level" name="Funkcja selectItem powinna zwrócić element o id #level" time="0.002">
    </testcase>
    <testcase classname="Funkcja selectItem powinna stworzyć element #level w elemencie &lt;body&gt;" name="Funkcja selectItem powinna stworzyć element #level w elemencie &lt;body&gt;" time="0.006">
    </testcase>
    <testcase classname="Funkcja selectItem powinna stworzyć element &lt;select&gt; z trzema tagami &lt;option&gt; wraz z liczbami w środku" name="Funkcja selectItem powinna stworzyć element &lt;select&gt; z trzema tagami &lt;option&gt; wraz z liczbami w środku" time="0.004">
    </testcase>
    <testcase classname="Funkcja selectItem powinna wywołać window.alert z poprawną liczbą gdy element o id #level się zmieni na skutek zdarzenia" name="Funkcja selectItem powinna wywołać window.alert z poprawną liczbą gdy element o id #level się zmieni na skutek zdarzenia" time="0.003">
    </testcase>
  </testsuite>
</testsuites>